[ 2018-05-05T23:21:03+08:00 ] 127.0.0.1 /MC/
INFO: [ app_init ] --START--
INFO: Run Behavior\BuildLiteBehavior [ RunTime:0.000007s ]
INFO: [ app_init ] --END-- [ RunTime:0.000044s ]
INFO: [ app_begin ] --START--
INFO: Run Behavior\ReadHtmlCacheBehavior [ RunTime:0.003434s ]
INFO: [ app_begin ] --END-- [ RunTime:0.003465s ]
NOTIC: [8] Undefined index: token C:\phpStudy\PHPTutorial\WWW\MC\App\Home\Controller\IndexController.class.php 第 18 行.
SQL: SHOW COLUMNS FROM `gs_member` [ RunTime:0.0041s ]
SQL: SELECT `id` FROM `gs_member` WHERE `token` = null LIMIT 1   [ RunTime:0.0004s ]
INFO: [ view_parse ] --START--
INFO: [ template_filter ] --START--
INFO: Run Behavior\ContentReplaceBehavior [ RunTime:0.000121s ]
INFO: [ template_filter ] --END-- [ RunTime:0.000151s ]
NOTIC: [8] Undefined index: user C:\phpStudy\PHPTutorial\WWW\MC\Runtime\Cache\Home\d4ea57e018bcaebd76bd4736ad257054.php 第 134 行.
INFO: Run Behavior\ParseTemplateBehavior [ RunTime:0.040470s ]
INFO: [ view_parse ] --END-- [ RunTime:0.040499s ]
INFO: [ view_filter ] --START--
INFO: Run Behavior\WriteHtmlCacheBehavior [ RunTime:0.002963s ]
INFO: [ view_filter ] --END-- [ RunTime:0.002991s ]
INFO: [ app_end ] --START--
INFO: Run Behavior\ShowPageTraceBehavior [ RunTime:0.003759s ]
INFO: [ app_end ] --END-- [ RunTime:0.003795s ]

[ 2018-05-05T23:26:56+08:00 ] 192.168.137.248 /MC/
INFO: [ app_init ] --START--
INFO: Run Behavior\BuildLiteBehavior [ RunTime:0.000006s ]
INFO: [ app_init ] --END-- [ RunTime:0.000033s ]
INFO: [ app_begin ] --START--
INFO: Run Behavior\ReadHtmlCacheBehavior [ RunTime:0.000480s ]
INFO: [ app_begin ] --END-- [ RunTime:0.000506s ]
NOTIC: [8] Undefined index: token C:\phpStudy\PHPTutorial\WWW\MC\App\Home\Controller\IndexController.class.php 第 18 行.
SQL: SHOW COLUMNS FROM `gs_member` [ RunTime:0.0049s ]
SQL: SELECT `id` FROM `gs_member` WHERE `token` = null LIMIT 1   [ RunTime:0.0004s ]
INFO: [ view_parse ] --START--
INFO: [ template_filter ] --START--
INFO: Run Behavior\ContentReplaceBehavior [ RunTime:0.000101s ]
INFO: [ template_filter ] --END-- [ RunTime:0.000125s ]
NOTIC: [8] Undefined index: user C:\phpStudy\PHPTutorial\WWW\MC\Runtime\Cache\Home\d4ea57e018bcaebd76bd4736ad257054.php 第 134 行.
INFO: Run Behavior\ParseTemplateBehavior [ RunTime:0.006449s ]
INFO: [ view_parse ] --END-- [ RunTime:0.006473s ]
INFO: [ view_filter ] --START--
INFO: Run Behavior\WriteHtmlCacheBehavior [ RunTime:0.000264s ]
INFO: [ view_filter ] --END-- [ RunTime:0.000281s ]
INFO: [ app_end ] --START--
INFO: Run Behavior\ShowPageTraceBehavior [ RunTime:0.000455s ]
INFO: [ app_end ] --END-- [ RunTime:0.000477s ]

[ 2018-05-05T23:27:01+08:00 ] 192.168.137.248 /MC/
INFO: [ app_init ] --START--
INFO: Run Behavior\BuildLiteBehavior [ RunTime:0.000006s ]
INFO: [ app_init ] --END-- [ RunTime:0.000031s ]
INFO: [ app_begin ] --START--
INFO: Run Behavior\ReadHtmlCacheBehavior [ RunTime:0.000346s ]
INFO: [ app_begin ] --END-- [ RunTime:0.000368s ]
NOTIC: [8] Undefined index: token C:\phpStudy\PHPTutorial\WWW\MC\App\Home\Controller\IndexController.class.php 第 18 行.
SQL: SHOW COLUMNS FROM `gs_member` [ RunTime:0.0047s ]
SQL: SELECT `id` FROM `gs_member` WHERE `token` = null LIMIT 1   [ RunTime:0.0004s ]
INFO: [ view_parse ] --START--
INFO: [ template_filter ] --START--
INFO: Run Behavior\ContentReplaceBehavior [ RunTime:0.000098s ]
INFO: [ template_filter ] --END-- [ RunTime:0.000122s ]
NOTIC: [8] Undefined index: user C:\phpStudy\PHPTutorial\WWW\MC\Runtime\Cache\Home\d4ea57e018bcaebd76bd4736ad257054.php 第 134 行.
INFO: Run Behavior\ParseTemplateBehavior [ RunTime:0.005305s ]
INFO: [ view_parse ] --END-- [ RunTime:0.005325s ]
INFO: [ view_filter ] --START--
INFO: Run Behavior\WriteHtmlCacheBehavior [ RunTime:0.000214s ]
INFO: [ view_filter ] --END-- [ RunTime:0.000231s ]
INFO: [ app_end ] --START--
INFO: Run Behavior\ShowPageTraceBehavior [ RunTime:0.000431s ]
INFO: [ app_end ] --END-- [ RunTime:0.000467s ]

[ 2018-05-05T23:27:10+08:00 ] 192.168.137.248 /MC/
INFO: [ app_init ] --START--
INFO: Run Behavior\BuildLiteBehavior [ RunTime:0.000007s ]
INFO: [ app_init ] --END-- [ RunTime:0.000044s ]
INFO: [ app_begin ] --START--
INFO: Run Behavior\ReadHtmlCacheBehavior [ RunTime:0.000540s ]
INFO: [ app_begin ] --END-- [ RunTime:0.000575s ]
NOTIC: [8] Undefined index: token C:\phpStudy\PHPTutorial\WWW\MC\App\Home\Controller\IndexController.class.php 第 18 行.
SQL: SHOW COLUMNS FROM `gs_member` [ RunTime:0.0053s ]
SQL: SELECT `id` FROM `gs_member` WHERE `token` = null LIMIT 1   [ RunTime:0.0004s ]
INFO: [ view_parse ] --START--
INFO: [ template_filter ] --START--
INFO: Run Behavior\ContentReplaceBehavior [ RunTime:0.000098s ]
INFO: [ template_filter ] --END-- [ RunTime:0.000119s ]
NOTIC: [8] Undefined index: user C:\phpStudy\PHPTutorial\WWW\MC\Runtime\Cache\Home\d4ea57e018bcaebd76bd4736ad257054.php 第 134 行.
INFO: Run Behavior\ParseTemplateBehavior [ RunTime:0.005061s ]
INFO: [ view_parse ] --END-- [ RunTime:0.005082s ]
INFO: [ view_filter ] --START--
INFO: Run Behavior\WriteHtmlCacheBehavior [ RunTime:0.000213s ]
INFO: [ view_filter ] --END-- [ RunTime:0.000229s ]
INFO: [ app_end ] --START--
INFO: Run Behavior\ShowPageTraceBehavior [ RunTime:0.000406s ]
INFO: [ app_end ] --END-- [ RunTime:0.000429s ]

[ 2018-05-05T23:42:10+08:00 ] 127.0.0.1 /MC/
INFO: [ app_init ] --START--
INFO: Run Behavior\BuildLiteBehavior [ RunTime:0.000004s ]
INFO: [ app_init ] --END-- [ RunTime:0.000029s ]
INFO: [ app_begin ] --START--
INFO: Run Behavior\ReadHtmlCacheBehavior [ RunTime:0.000375s ]
INFO: [ app_begin ] --END-- [ RunTime:0.000397s ]
NOTIC: [8] Undefined index: token C:\phpStudy\PHPTutorial\WWW\MC\App\Home\Controller\IndexController.class.php 第 18 行.
SQL: SHOW COLUMNS FROM `gs_member` [ RunTime:0.0051s ]
SQL: SELECT `id` FROM `gs_member` WHERE `token` = null LIMIT 1   [ RunTime:0.0003s ]
INFO: [ view_parse ] --START--
INFO: [ template_filter ] --START--
INFO: Run Behavior\ContentReplaceBehavior [ RunTime:0.000122s ]
INFO: [ template_filter ] --END-- [ RunTime:0.000161s ]
NOTIC: [8] Undefined index: user C:\phpStudy\PHPTutorial\WWW\MC\Runtime\Cache\Home\d4ea57e018bcaebd76bd4736ad257054.php 第 134 行.
INFO: Run Behavior\ParseTemplateBehavior [ RunTime:0.006118s ]
INFO: [ view_parse ] --END-- [ RunTime:0.006139s ]
INFO: [ view_filter ] --START--
INFO: Run Behavior\WriteHtmlCacheBehavior [ RunTime:0.000299s ]
INFO: [ view_filter ] --END-- [ RunTime:0.000318s ]
INFO: [ app_end ] --START--
INFO: Run Behavior\ShowPageTraceBehavior [ RunTime:0.000645s ]
INFO: [ app_end ] --END-- [ RunTime:0.000677s ]

[ 2018-05-05T23:45:05+08:00 ] 127.0.0.1 /MC/
INFO: [ app_init ] --START--
INFO: Run Behavior\BuildLiteBehavior [ RunTime:0.000005s ]
INFO: [ app_init ] --END-- [ RunTime:0.000033s ]
INFO: [ app_begin ] --START--
INFO: Run Behavior\ReadHtmlCacheBehavior [ RunTime:0.003431s ]
INFO: [ app_begin ] --END-- [ RunTime:0.003464s ]
NOTIC: [8] Undefined index: token C:\phpStudy\PHPTutorial\WWW\MC\App\Home\Controller\IndexController.class.php 第 18 行.
SQL: SHOW COLUMNS FROM `gs_member` [ RunTime:0.0052s ]
SQL: SELECT `id` FROM `gs_member` WHERE `token` = null LIMIT 1   [ RunTime:0.0003s ]
INFO: [ view_parse ] --START--
INFO: [ template_filter ] --START--
INFO: Run Behavior\ContentReplaceBehavior [ RunTime:0.000129s ]
INFO: [ template_filter ] --END-- [ RunTime:0.000154s ]
NOTIC: [8] Undefined index: user C:\phpStudy\PHPTutorial\WWW\MC\Runtime\Cache\Home\d4ea57e018bcaebd76bd4736ad257054.php 第 134 行.
INFO: Run Behavior\ParseTemplateBehavior [ RunTime:0.020485s ]
INFO: [ view_parse ] --END-- [ RunTime:0.020510s ]
INFO: [ view_filter ] --START--
INFO: Run Behavior\WriteHtmlCacheBehavior [ RunTime:0.003568s ]
INFO: [ view_filter ] --END-- [ RunTime:0.003616s ]
INFO: [ app_end ] --START--
INFO: Run Behavior\ShowPageTraceBehavior [ RunTime:0.003690s ]
INFO: [ app_end ] --END-- [ RunTime:0.003724s ]

[ 2018-05-05T23:48:03+08:00 ] 127.0.0.1 /MC/
INFO: [ app_init ] --START--
INFO: Run Behavior\BuildLiteBehavior [ RunTime:0.000006s ]
INFO: [ app_init ] --END-- [ RunTime:0.000043s ]
INFO: [ app_begin ] --START--
INFO: Run Behavior\ReadHtmlCacheBehavior [ RunTime:0.000566s ]
INFO: [ app_begin ] --END-- [ RunTime:0.000597s ]
NOTIC: [8] Undefined index: token C:\phpStudy\PHPTutorial\WWW\MC\App\Home\Controller\IndexController.class.php 第 18 行.
SQL: SHOW COLUMNS FROM `gs_member` [ RunTime:0.0041s ]
SQL: SELECT `id` FROM `gs_member` WHERE `token` = null LIMIT 1   [ RunTime:0.0004s ]
INFO: [ view_parse ] --START--
INFO: [ template_filter ] --START--
INFO: Run Behavior\ContentReplaceBehavior [ RunTime:0.000141s ]
INFO: [ template_filter ] --END-- [ RunTime:0.000175s ]
NOTIC: [8] Undefined index: user C:\phpStudy\PHPTutorial\WWW\MC\Runtime\Cache\Home\d4ea57e018bcaebd76bd4736ad257054.php 第 134 行.
INFO: Run Behavior\ParseTemplateBehavior [ RunTime:0.007260s ]
INFO: [ view_parse ] --END-- [ RunTime:0.007292s ]
INFO: [ view_filter ] --START--
INFO: Run Behavior\WriteHtmlCacheBehavior [ RunTime:0.000460s ]
INFO: [ view_filter ] --END-- [ RunTime:0.000492s ]
INFO: [ app_end ] --START--
INFO: Run Behavior\ShowPageTraceBehavior [ RunTime:0.000795s ]
INFO: [ app_end ] --END-- [ RunTime:0.000837s ]

