[ 2018-05-08T17:37:00+08:00 ] 127.0.0.1 /MC/Api.php/Login/index
INFO: [ app_init ] --START--
INFO: Run Behavior\BuildLiteBehavior [ RunTime:0.000005s ]
INFO: [ app_init ] --END-- [ RunTime:0.000028s ]
INFO: [ app_begin ] --START--
INFO: Run Behavior\ReadHtmlCacheBehavior [ RunTime:0.000364s ]
INFO: [ app_begin ] --END-- [ RunTime:0.000389s ]
SQL: SHOW COLUMNS FROM `gs_member` [ RunTime:0.0101s ]
SQL: SELECT `id`,`account`,`password`,`status`,`token`,`nickname`,`active`,`phone`,`level`,`money`,`feed`,`currency`,`action_code` FROM `gs_member` WHERE `account` = '1111' LIMIT 1   [ RunTime:0.0005s ]
NOTIC: [8] Undefined variable: msg C:\phpStudy\PHPTutorial\WWW\MC\App\Api\Common\function.php 第 32 行.

[ 2018-05-08T17:37:10+08:00 ] 127.0.0.1 /MC/Api.php/Tool/sendCode
INFO: [ app_init ] --START--
INFO: Run Behavior\BuildLiteBehavior [ RunTime:0.000005s ]
INFO: [ app_init ] --END-- [ RunTime:0.000035s ]
INFO: [ app_begin ] --START--
INFO: Run Behavior\ReadHtmlCacheBehavior [ RunTime:0.000328s ]
INFO: [ app_begin ] --END-- [ RunTime:0.000347s ]
NOTIC: [8] Undefined variable: msg C:\phpStudy\PHPTutorial\WWW\MC\App\Api\Common\function.php 第 32 行.

[ 2018-05-08T17:42:39+08:00 ] 127.0.0.1 /MC/Api.php/Tool/sendCode
INFO: [ app_init ] --START--
INFO: Run Behavior\BuildLiteBehavior [ RunTime:0.000006s ]
INFO: [ app_init ] --END-- [ RunTime:0.000037s ]
INFO: [ app_begin ] --START--
INFO: Run Behavior\ReadHtmlCacheBehavior [ RunTime:0.000473s ]
INFO: [ app_begin ] --END-- [ RunTime:0.000500s ]
NOTIC: [8] Undefined variable: msg C:\phpStudy\PHPTutorial\WWW\MC\App\Api\Common\function.php 第 32 行.

[ 2018-05-08T17:42:48+08:00 ] 127.0.0.1 /MC/Api.php/Tool/sendCode
INFO: [ app_init ] --START--
INFO: Run Behavior\BuildLiteBehavior [ RunTime:0.000004s ]
INFO: [ app_init ] --END-- [ RunTime:0.000028s ]
INFO: [ app_begin ] --START--
INFO: Run Behavior\ReadHtmlCacheBehavior [ RunTime:0.000323s ]
INFO: [ app_begin ] --END-- [ RunTime:0.000341s ]
NOTIC: [8] Undefined variable: msg C:\phpStudy\PHPTutorial\WWW\MC\App\Api\Common\function.php 第 32 行.

[ 2018-05-08T17:48:33+08:00 ] 127.0.0.1 /MC/Api.php/Tool/sendCode
INFO: [ app_init ] --START--
INFO: Run Behavior\BuildLiteBehavior [ RunTime:0.000006s ]
INFO: [ app_init ] --END-- [ RunTime:0.000033s ]
INFO: [ app_begin ] --START--
INFO: Run Behavior\ReadHtmlCacheBehavior [ RunTime:0.000435s ]
INFO: [ app_begin ] --END-- [ RunTime:0.000459s ]
NOTIC: [8] Undefined variable: msg C:\phpStudy\PHPTutorial\WWW\MC\App\Api\Common\function.php 第 32 行.

[ 2018-05-08T17:54:52+08:00 ] 127.0.0.1 /MC/Api.php/Login/reg
INFO: [ app_init ] --START--
INFO: Run Behavior\BuildLiteBehavior [ RunTime:0.000006s ]
INFO: [ app_init ] --END-- [ RunTime:0.000034s ]
INFO: [ app_begin ] --START--
INFO: Run Behavior\ReadHtmlCacheBehavior [ RunTime:0.000402s ]
INFO: [ app_begin ] --END-- [ RunTime:0.000422s ]
SQL: SHOW COLUMNS FROM `gs_sms_log` [ RunTime:0.0083s ]
SQL: SELECT * FROM `gs_sms_log` WHERE `mobile` = '15107192512' ORDER BY id desc LIMIT 1   [ RunTime:0.0004s ]
NOTIC: [8] Undefined variable: msg C:\phpStudy\PHPTutorial\WWW\MC\App\Api\Common\function.php 第 32 行.

[ 2018-05-08T18:02:23+08:00 ] 127.0.0.1 /MC/Api.php/Tool/sendCode
INFO: [ app_init ] --START--
INFO: Run Behavior\BuildLiteBehavior [ RunTime:0.000007s ]
INFO: [ app_init ] --END-- [ RunTime:0.000042s ]
INFO: [ app_begin ] --START--
INFO: Run Behavior\ReadHtmlCacheBehavior [ RunTime:0.000465s ]
INFO: [ app_begin ] --END-- [ RunTime:0.000492s ]
NOTIC: [8] Undefined variable: msg C:\phpStudy\PHPTutorial\WWW\MC\App\Api\Common\function.php 第 32 行.

[ 2018-05-08T18:04:46+08:00 ] 127.0.0.1 /MC/Api.php/Tool/sendCode
INFO: [ app_init ] --START--
INFO: Run Behavior\BuildLiteBehavior [ RunTime:0.000006s ]
INFO: [ app_init ] --END-- [ RunTime:0.000030s ]
INFO: [ app_begin ] --START--
INFO: Run Behavior\ReadHtmlCacheBehavior [ RunTime:0.000392s ]
INFO: [ app_begin ] --END-- [ RunTime:0.000411s ]
NOTIC: [8] Undefined variable: msg C:\phpStudy\PHPTutorial\WWW\MC\App\Api\Common\function.php 第 32 行.

[ 2018-05-08T18:06:22+08:00 ] 127.0.0.1 /MC/Api.php/Tool/sendCode
INFO: [ app_init ] --START--
INFO: Run Behavior\BuildLiteBehavior [ RunTime:0.000005s ]
INFO: [ app_init ] --END-- [ RunTime:0.000027s ]
INFO: [ app_begin ] --START--
INFO: Run Behavior\ReadHtmlCacheBehavior [ RunTime:0.000389s ]
INFO: [ app_begin ] --END-- [ RunTime:0.000408s ]
SQL: SHOW COLUMNS FROM `gs_sms_log` [ RunTime:0.0100s ]
SQL: INSERT INTO `gs_sms_log` (`mobile`,`code`,`content`,`expiration_time`) VALUES ('12345678901','123456','您好，您的验证码是123456打死不要告诉其他人【富贵鸡】','1525775782') [ RunTime:0.0021s ]
NOTIC: [8] Undefined variable: msg C:\phpStudy\PHPTutorial\WWW\MC\App\Api\Common\function.php 第 32 行.

[ 2018-05-08T18:07:11+08:00 ] 127.0.0.1 /MC/Api.php/Login/reg
INFO: [ app_init ] --START--
INFO: Run Behavior\BuildLiteBehavior [ RunTime:0.000005s ]
INFO: [ app_init ] --END-- [ RunTime:0.000029s ]
INFO: [ app_begin ] --START--
INFO: Run Behavior\ReadHtmlCacheBehavior [ RunTime:0.000399s ]
INFO: [ app_begin ] --END-- [ RunTime:0.000418s ]
SQL: SHOW COLUMNS FROM `gs_sms_log` [ RunTime:0.0091s ]
SQL: SELECT * FROM `gs_sms_log` WHERE `mobile` = '12345678901' ORDER BY id desc LIMIT 1   [ RunTime:0.0003s ]
SQL: SHOW COLUMNS FROM `gs_member` [ RunTime:0.0077s ]
SQL: SELECT * FROM `gs_member` WHERE `account` = '09876543210' LIMIT 1   [ RunTime:0.0007s ]
NOTIC: [8] Undefined variable: msg C:\phpStudy\PHPTutorial\WWW\MC\App\Api\Common\function.php 第 32 行.

[ 2018-05-08T18:07:26+08:00 ] 127.0.0.1 /MC/Api.php/Login/reg
INFO: [ app_init ] --START--
INFO: Run Behavior\BuildLiteBehavior [ RunTime:0.000006s ]
INFO: [ app_init ] --END-- [ RunTime:0.000030s ]
INFO: [ app_begin ] --START--
INFO: Run Behavior\ReadHtmlCacheBehavior [ RunTime:0.000337s ]
INFO: [ app_begin ] --END-- [ RunTime:0.000355s ]
SQL: SHOW COLUMNS FROM `gs_sms_log` [ RunTime:0.0083s ]
SQL: SELECT * FROM `gs_sms_log` WHERE `mobile` = '12345678901' ORDER BY id desc LIMIT 1   [ RunTime:0.0003s ]
SQL: SHOW COLUMNS FROM `gs_member` [ RunTime:0.0078s ]
SQL: SELECT * FROM `gs_member` WHERE `account` = '13500070454' LIMIT 1   [ RunTime:0.0007s ]
SQL: SELECT `id` FROM `gs_member` WHERE `account` = '12345678901' LIMIT 1   [ RunTime:0.0003s ]
NOTIC: [8] Undefined variable: datap C:\phpStudy\PHPTutorial\WWW\MC\App\Api\Controller\LoginController.class.php 第 75 行.
SQL: INSERT INTO `gs_member` (`account`,`token`,`password`,`references`,`highpass`,`realname`,`phone`,`reg_time`,`nickname`,`second_generation`,`three_generations`) VALUES ('12345678901','8090036c9e52ac1e2040080302cdc576','e10adc3949ba59abbe56e057f20f883e','13500070454','0','王五','12345678901','1525774046',NULL,'18680272949','15019116466') [ RunTime:0.0067s ]
NOTIC: [8] Undefined variable: msg C:\phpStudy\PHPTutorial\WWW\MC\App\Api\Common\function.php 第 32 行.

[ 2018-05-08T18:07:44+08:00 ] 127.0.0.1 /MC/Api.php/Login/index
INFO: [ app_init ] --START--
INFO: Run Behavior\BuildLiteBehavior [ RunTime:0.000004s ]
INFO: [ app_init ] --END-- [ RunTime:0.000028s ]
INFO: [ app_begin ] --START--
INFO: Run Behavior\ReadHtmlCacheBehavior [ RunTime:0.000329s ]
INFO: [ app_begin ] --END-- [ RunTime:0.000349s ]
SQL: SHOW COLUMNS FROM `gs_member` [ RunTime:0.0083s ]
SQL: SELECT `id`,`account`,`password`,`status`,`token`,`nickname`,`active`,`phone`,`level`,`money`,`feed`,`currency`,`action_code` FROM `gs_member` WHERE `account` = '12345678901' LIMIT 1   [ RunTime:0.0005s ]
NOTIC: [8] Undefined variable: msg C:\phpStudy\PHPTutorial\WWW\MC\App\Api\Common\function.php 第 32 行.

[ 2018-05-08T18:08:51+08:00 ] 127.0.0.1 /MC/Api.php/Login/index
INFO: [ app_init ] --START--
INFO: Run Behavior\BuildLiteBehavior [ RunTime:0.000004s ]
INFO: [ app_init ] --END-- [ RunTime:0.000027s ]
INFO: [ app_begin ] --START--
INFO: Run Behavior\ReadHtmlCacheBehavior [ RunTime:0.000331s ]
INFO: [ app_begin ] --END-- [ RunTime:0.000350s ]
SQL: SHOW COLUMNS FROM `gs_member` [ RunTime:0.0092s ]
SQL: SELECT `id`,`account`,`password`,`status`,`token`,`nickname`,`active`,`phone`,`level`,`money`,`feed`,`currency`,`action_code` FROM `gs_member` WHERE `account` = '12345678901' LIMIT 1   [ RunTime:0.0005s ]
NOTIC: [8] Undefined variable: msg C:\phpStudy\PHPTutorial\WWW\MC\App\Api\Common\function.php 第 32 行.

[ 2018-05-08T18:11:04+08:00 ] 127.0.0.1 /MC/Api.php/Login/index
INFO: [ app_init ] --START--
INFO: Run Behavior\BuildLiteBehavior [ RunTime:0.000005s ]
INFO: [ app_init ] --END-- [ RunTime:0.000030s ]
INFO: [ app_begin ] --START--
INFO: Run Behavior\ReadHtmlCacheBehavior [ RunTime:0.000383s ]
INFO: [ app_begin ] --END-- [ RunTime:0.000404s ]
SQL: SHOW COLUMNS FROM `gs_member` [ RunTime:0.0101s ]
SQL: SELECT `id`,`account`,`password`,`status`,`token`,`nickname`,`active`,`phone`,`level`,`money`,`feed`,`currency`,`action_code` FROM `gs_member` WHERE `account` = '12345678901' LIMIT 1   [ RunTime:0.0006s ]
SQL: UPDATE `gs_member` SET `token`='979711471136cda11bab8afccf88fae6',`last_time`='1525774264' WHERE `id` = 204 [ RunTime:0.0077s ]
SQL: SELECT `id`,`account`,`password`,`status`,`token`,realname as nickname,`phone`,`level`,`money`,`currency`,`action_code` FROM `gs_member` WHERE `account` = '12345678901' LIMIT 1   [ RunTime:0.0005s ]
SQL: SHOW COLUMNS FROM `gs_user_animal` [ RunTime:0.0079s ]
SQL: SELECT COUNT(*) AS tp_count FROM `gs_user_animal` WHERE `userid` = 204 AND `expired_time` > 1525774264 LIMIT 1   [ RunTime:0.0002s ]
NOTIC: [8] Undefined variable: msg C:\phpStudy\PHPTutorial\WWW\MC\App\Api\Common\function.php 第 32 行.

[ 2018-05-08T18:11:07+08:00 ] 127.0.0.1 /MC/Api.php/User/getUser
INFO: [ app_init ] --START--
INFO: Run Behavior\BuildLiteBehavior [ RunTime:0.000005s ]
INFO: [ app_init ] --END-- [ RunTime:0.000028s ]
INFO: [ app_begin ] --START--
INFO: Run Behavior\ReadHtmlCacheBehavior [ RunTime:0.000642s ]
INFO: [ app_begin ] --END-- [ RunTime:0.000677s ]
NOTIC: [2] Declaration of Api\Controller\UserController::getUser() should be compatible with Api\Controller\CommonController::getUser($userId) C:\phpStudy\PHPTutorial\WWW\MC\App\Api\Controller\UserController.class.php 第 11 行.
SQL: SHOW COLUMNS FROM `gs_member` [ RunTime:0.0094s ]
SQL: SELECT `id` FROM `gs_member` WHERE `token` = '979711471136cda11bab8afccf88fae6' LIMIT 1   [ RunTime:0.0004s ]
SQL: SELECT `id`,`account`,`password`,`status`,`token`,realname as nickname,`phone`,`level`,`money`,`currency`,`action_code` FROM `gs_member` WHERE `id` = 204 LIMIT 1   [ RunTime:0.0002s ]
NOTIC: [8] Undefined variable: msg C:\phpStudy\PHPTutorial\WWW\MC\App\Api\Common\function.php 第 32 行.

[ 2018-05-08T18:11:08+08:00 ] 127.0.0.1 /MC/Api.php/User/getNotice
INFO: [ app_init ] --START--
INFO: Run Behavior\BuildLiteBehavior [ RunTime:0.000005s ]
INFO: [ app_init ] --END-- [ RunTime:0.000027s ]
INFO: [ app_begin ] --START--
INFO: Run Behavior\ReadHtmlCacheBehavior [ RunTime:0.000373s ]
INFO: [ app_begin ] --END-- [ RunTime:0.000393s ]
NOTIC: [2] Declaration of Api\Controller\UserController::getUser() should be compatible with Api\Controller\CommonController::getUser($userId) C:\phpStudy\PHPTutorial\WWW\MC\App\Api\Controller\UserController.class.php 第 11 行.
SQL: SHOW COLUMNS FROM `gs_notice` [ RunTime:0.0082s ]
SQL: SELECT * FROM `gs_notice` ORDER BY id desc LIMIT 1   [ RunTime:0.0003s ]
NOTIC: [8] Undefined variable: msg C:\phpStudy\PHPTutorial\WWW\MC\App\Api\Common\function.php 第 32 行.

[ 2018-05-08T18:11:08+08:00 ] 127.0.0.1 /MC/Api.php/Tool/getPrice
INFO: [ app_init ] --START--
INFO: Run Behavior\BuildLiteBehavior [ RunTime:0.000007s ]
INFO: [ app_init ] --END-- [ RunTime:0.000041s ]
INFO: [ app_begin ] --START--
INFO: Run Behavior\ReadHtmlCacheBehavior [ RunTime:0.000533s ]
INFO: [ app_begin ] --END-- [ RunTime:0.000565s ]
SQL: SHOW COLUMNS FROM `gs_market_price` [ RunTime:0.0076s ]
SQL: SELECT * FROM `gs_market_price` WHERE `start` <= '2018-05-08' ORDER BY start desc LIMIT 7   [ RunTime:0.0003s ]

[ 2018-05-08T18:11:08+08:00 ] 127.0.0.1 /MC/Api.php/User/getResources
INFO: [ app_init ] --START--
INFO: Run Behavior\BuildLiteBehavior [ RunTime:0.000008s ]
INFO: [ app_init ] --END-- [ RunTime:0.000045s ]
INFO: [ app_begin ] --START--
INFO: Run Behavior\ReadHtmlCacheBehavior [ RunTime:0.000379s ]
INFO: [ app_begin ] --END-- [ RunTime:0.000405s ]
NOTIC: [2] Declaration of Api\Controller\UserController::getUser() should be compatible with Api\Controller\CommonController::getUser($userId) C:\phpStudy\PHPTutorial\WWW\MC\App\Api\Controller\UserController.class.php 第 11 行.
SQL: SHOW COLUMNS FROM `gs_member` [ RunTime:0.0077s ]
SQL: SELECT `id` FROM `gs_member` WHERE `token` = '979711471136cda11bab8afccf88fae6' LIMIT 1   [ RunTime:0.0004s ]
SQL: SELECT `id`,`account`,`password`,`status`,`token`,realname as nickname,`feed`,`phone`,`level`,`money`,`currency`,`action_code` FROM `gs_member` WHERE `token` = '979711471136cda11bab8afccf88fae6' LIMIT 1   [ RunTime:0.0006s ]
SQL: SHOW COLUMNS FROM `gs_user_animal` [ RunTime:0.0082s ]
SQL: SELECT COUNT(*) AS tp_count FROM `gs_user_animal` WHERE `userid` = 204 AND `expired_time` > 1525774268 LIMIT 1   [ RunTime:0.0003s ]
NOTIC: [8] Undefined variable: msg C:\phpStudy\PHPTutorial\WWW\MC\App\Api\Common\function.php 第 32 行.

[ 2018-05-08T18:11:25+08:00 ] 127.0.0.1 /MC/Api.php/User/getUserAnimal
INFO: [ app_init ] --START--
INFO: Run Behavior\BuildLiteBehavior [ RunTime:0.000005s ]
INFO: [ app_init ] --END-- [ RunTime:0.000028s ]
INFO: [ app_begin ] --START--
INFO: Run Behavior\ReadHtmlCacheBehavior [ RunTime:0.000893s ]
INFO: [ app_begin ] --END-- [ RunTime:0.000966s ]
NOTIC: [2] Declaration of Api\Controller\UserController::getUser() should be compatible with Api\Controller\CommonController::getUser($userId) C:\phpStudy\PHPTutorial\WWW\MC\App\Api\Controller\UserController.class.php 第 11 行.
SQL: SHOW COLUMNS FROM `gs_member` [ RunTime:0.0086s ]
SQL: SELECT `id` FROM `gs_member` WHERE `token` = '979711471136cda11bab8afccf88fae6' LIMIT 1   [ RunTime:0.0004s ]
SQL: SHOW COLUMNS FROM `gs_beltline` [ RunTime:0.0072s ]
SQL: UPDATE `gs_beltline` SET `status`='2' WHERE `userid` = 204 AND `status` = 1 AND `expired_time` <= 1525774285 [ RunTime:0.0006s ]
SQL: SHOW COLUMNS FROM `gs_user_animal` [ RunTime:0.0075s ]
SQL: SELECT animal_on as name FROM `gs_user_animal` WHERE `userid` = 204 AND `expired_time` > 1525774285  [ RunTime:0.0003s ]
NOTIC: [8] Undefined variable: msg C:\phpStudy\PHPTutorial\WWW\MC\App\Api\Common\function.php 第 32 行.

[ 2018-05-08T18:11:25+08:00 ] 127.0.0.1 /MC/Api.php/User/getNotice
INFO: [ app_init ] --START--
INFO: Run Behavior\BuildLiteBehavior [ RunTime:0.000006s ]
INFO: [ app_init ] --END-- [ RunTime:0.000029s ]
INFO: [ app_begin ] --START--
INFO: Run Behavior\ReadHtmlCacheBehavior [ RunTime:0.000358s ]
INFO: [ app_begin ] --END-- [ RunTime:0.000379s ]
NOTIC: [2] Declaration of Api\Controller\UserController::getUser() should be compatible with Api\Controller\CommonController::getUser($userId) C:\phpStudy\PHPTutorial\WWW\MC\App\Api\Controller\UserController.class.php 第 11 行.
SQL: SHOW COLUMNS FROM `gs_notice` [ RunTime:0.0079s ]
SQL: SELECT * FROM `gs_notice` ORDER BY id desc LIMIT 1   [ RunTime:0.0003s ]
NOTIC: [8] Undefined variable: msg C:\phpStudy\PHPTutorial\WWW\MC\App\Api\Common\function.php 第 32 行.

[ 2018-05-08T18:11:25+08:00 ] 127.0.0.1 /MC/Api.php/User/getResources
INFO: [ app_init ] --START--
INFO: Run Behavior\BuildLiteBehavior [ RunTime:0.000008s ]
INFO: [ app_init ] --END-- [ RunTime:0.000081s ]
INFO: [ app_begin ] --START--
INFO: Run Behavior\ReadHtmlCacheBehavior [ RunTime:0.000565s ]
INFO: [ app_begin ] --END-- [ RunTime:0.000598s ]
NOTIC: [2] Declaration of Api\Controller\UserController::getUser() should be compatible with Api\Controller\CommonController::getUser($userId) C:\phpStudy\PHPTutorial\WWW\MC\App\Api\Controller\UserController.class.php 第 11 行.
SQL: SHOW COLUMNS FROM `gs_member` [ RunTime:0.0182s ]
SQL: SELECT `id` FROM `gs_member` WHERE `token` = '979711471136cda11bab8afccf88fae6' LIMIT 1   [ RunTime:0.0005s ]
SQL: SELECT `id`,`account`,`password`,`status`,`token`,realname as nickname,`feed`,`phone`,`level`,`money`,`currency`,`action_code` FROM `gs_member` WHERE `token` = '979711471136cda11bab8afccf88fae6' LIMIT 1   [ RunTime:0.0006s ]
SQL: SHOW COLUMNS FROM `gs_user_animal` [ RunTime:0.0092s ]
SQL: SELECT COUNT(*) AS tp_count FROM `gs_user_animal` WHERE `userid` = 204 AND `expired_time` > 1525774285 LIMIT 1   [ RunTime:0.0003s ]
NOTIC: [8] Undefined variable: msg C:\phpStudy\PHPTutorial\WWW\MC\App\Api\Common\function.php 第 32 行.

[ 2018-05-08T18:11:28+08:00 ] 127.0.0.1 /MC/Api.php/User/getUser
INFO: [ app_init ] --START--
INFO: Run Behavior\BuildLiteBehavior [ RunTime:0.000004s ]
INFO: [ app_init ] --END-- [ RunTime:0.000028s ]
INFO: [ app_begin ] --START--
INFO: Run Behavior\ReadHtmlCacheBehavior [ RunTime:0.000340s ]
INFO: [ app_begin ] --END-- [ RunTime:0.000358s ]
NOTIC: [2] Declaration of Api\Controller\UserController::getUser() should be compatible with Api\Controller\CommonController::getUser($userId) C:\phpStudy\PHPTutorial\WWW\MC\App\Api\Controller\UserController.class.php 第 11 行.
SQL: SHOW COLUMNS FROM `gs_member` [ RunTime:0.0080s ]
SQL: SELECT `id` FROM `gs_member` WHERE `token` = '979711471136cda11bab8afccf88fae6' LIMIT 1   [ RunTime:0.0004s ]
SQL: SELECT `id`,`account`,`password`,`status`,`token`,realname as nickname,`phone`,`level`,`money`,`currency`,`action_code` FROM `gs_member` WHERE `id` = 204 LIMIT 1   [ RunTime:0.0003s ]
NOTIC: [8] Undefined variable: msg C:\phpStudy\PHPTutorial\WWW\MC\App\Api\Common\function.php 第 32 行.

[ 2018-05-08T18:11:28+08:00 ] 127.0.0.1 /MC/Api.php/User/getNotice
INFO: [ app_init ] --START--
INFO: Run Behavior\BuildLiteBehavior [ RunTime:0.000006s ]
INFO: [ app_init ] --END-- [ RunTime:0.000039s ]
INFO: [ app_begin ] --START--
INFO: Run Behavior\ReadHtmlCacheBehavior [ RunTime:0.000346s ]
INFO: [ app_begin ] --END-- [ RunTime:0.000365s ]
NOTIC: [2] Declaration of Api\Controller\UserController::getUser() should be compatible with Api\Controller\CommonController::getUser($userId) C:\phpStudy\PHPTutorial\WWW\MC\App\Api\Controller\UserController.class.php 第 11 行.
SQL: SHOW COLUMNS FROM `gs_notice` [ RunTime:0.0092s ]
SQL: SELECT * FROM `gs_notice` ORDER BY id desc LIMIT 1   [ RunTime:0.0002s ]
NOTIC: [8] Undefined variable: msg C:\phpStudy\PHPTutorial\WWW\MC\App\Api\Common\function.php 第 32 行.

[ 2018-05-08T18:11:28+08:00 ] 127.0.0.1 /MC/Api.php/Tool/getPrice
INFO: [ app_init ] --START--
INFO: Run Behavior\BuildLiteBehavior [ RunTime:0.000006s ]
INFO: [ app_init ] --END-- [ RunTime:0.000032s ]
INFO: [ app_begin ] --START--
INFO: Run Behavior\ReadHtmlCacheBehavior [ RunTime:0.000371s ]
INFO: [ app_begin ] --END-- [ RunTime:0.000393s ]
SQL: SHOW COLUMNS FROM `gs_market_price` [ RunTime:0.0074s ]
SQL: SELECT * FROM `gs_market_price` WHERE `start` <= '2018-05-08' ORDER BY start desc LIMIT 7   [ RunTime:0.0004s ]

[ 2018-05-08T18:11:28+08:00 ] 127.0.0.1 /MC/Api.php/User/getResources
INFO: [ app_init ] --START--
INFO: Run Behavior\BuildLiteBehavior [ RunTime:0.000008s ]
INFO: [ app_init ] --END-- [ RunTime:0.000044s ]
INFO: [ app_begin ] --START--
INFO: Run Behavior\ReadHtmlCacheBehavior [ RunTime:0.000372s ]
INFO: [ app_begin ] --END-- [ RunTime:0.000394s ]
NOTIC: [2] Declaration of Api\Controller\UserController::getUser() should be compatible with Api\Controller\CommonController::getUser($userId) C:\phpStudy\PHPTutorial\WWW\MC\App\Api\Controller\UserController.class.php 第 11 行.
SQL: SHOW COLUMNS FROM `gs_member` [ RunTime:0.0086s ]
SQL: SELECT `id` FROM `gs_member` WHERE `token` = '979711471136cda11bab8afccf88fae6' LIMIT 1   [ RunTime:0.0004s ]
SQL: SELECT `id`,`account`,`password`,`status`,`token`,realname as nickname,`feed`,`phone`,`level`,`money`,`currency`,`action_code` FROM `gs_member` WHERE `token` = '979711471136cda11bab8afccf88fae6' LIMIT 1   [ RunTime:0.0005s ]
SQL: SHOW COLUMNS FROM `gs_user_animal` [ RunTime:0.0079s ]
SQL: SELECT COUNT(*) AS tp_count FROM `gs_user_animal` WHERE `userid` = 204 AND `expired_time` > 1525774288 LIMIT 1   [ RunTime:0.0003s ]
NOTIC: [8] Undefined variable: msg C:\phpStudy\PHPTutorial\WWW\MC\App\Api\Common\function.php 第 32 行.

[ 2018-05-08T18:11:30+08:00 ] 127.0.0.1 /MC/Api.php/User/getPartner
INFO: [ app_init ] --START--
INFO: Run Behavior\BuildLiteBehavior [ RunTime:0.000007s ]
INFO: [ app_init ] --END-- [ RunTime:0.000042s ]
INFO: [ app_begin ] --START--
INFO: Run Behavior\ReadHtmlCacheBehavior [ RunTime:0.000603s ]
INFO: [ app_begin ] --END-- [ RunTime:0.000645s ]
NOTIC: [2] Declaration of Api\Controller\UserController::getUser() should be compatible with Api\Controller\CommonController::getUser($userId) C:\phpStudy\PHPTutorial\WWW\MC\App\Api\Controller\UserController.class.php 第 11 行.
SQL: SHOW COLUMNS FROM `gs_member` [ RunTime:0.0072s ]
SQL: SELECT `id` FROM `gs_member` WHERE `token` = '979711471136cda11bab8afccf88fae6' LIMIT 1   [ RunTime:0.0003s ]
ERR: Too few arguments to function I(), 0 passed in C:\phpStudy\PHPTutorial\WWW\MC\App\Api\Controller\UserController.class.php on line 304 and at least 1 expected

[ 2018-05-08T18:11:32+08:00 ] 127.0.0.1 /MC/Api.php/User/getUserAnimal
INFO: [ app_init ] --START--
INFO: Run Behavior\BuildLiteBehavior [ RunTime:0.000006s ]
INFO: [ app_init ] --END-- [ RunTime:0.000031s ]
INFO: [ app_begin ] --START--
INFO: Run Behavior\ReadHtmlCacheBehavior [ RunTime:0.000474s ]
INFO: [ app_begin ] --END-- [ RunTime:0.000521s ]
NOTIC: [2] Declaration of Api\Controller\UserController::getUser() should be compatible with Api\Controller\CommonController::getUser($userId) C:\phpStudy\PHPTutorial\WWW\MC\App\Api\Controller\UserController.class.php 第 11 行.
SQL: SHOW COLUMNS FROM `gs_member` [ RunTime:0.0086s ]
SQL: SELECT `id` FROM `gs_member` WHERE `token` = '979711471136cda11bab8afccf88fae6' LIMIT 1   [ RunTime:0.0004s ]
SQL: SHOW COLUMNS FROM `gs_beltline` [ RunTime:0.0087s ]
SQL: UPDATE `gs_beltline` SET `status`='2' WHERE `userid` = 204 AND `status` = 1 AND `expired_time` <= 1525774292 [ RunTime:0.0008s ]
SQL: SHOW COLUMNS FROM `gs_user_animal` [ RunTime:0.0078s ]
SQL: SELECT animal_on as name FROM `gs_user_animal` WHERE `userid` = 204 AND `expired_time` > 1525774292  [ RunTime:0.0004s ]
NOTIC: [8] Undefined variable: msg C:\phpStudy\PHPTutorial\WWW\MC\App\Api\Common\function.php 第 32 行.

[ 2018-05-08T18:11:32+08:00 ] 127.0.0.1 /MC/Api.php/User/getNotice
INFO: [ app_init ] --START--
INFO: Run Behavior\BuildLiteBehavior [ RunTime:0.000007s ]
INFO: [ app_init ] --END-- [ RunTime:0.000040s ]
INFO: [ app_begin ] --START--
INFO: Run Behavior\ReadHtmlCacheBehavior [ RunTime:0.000509s ]
INFO: [ app_begin ] --END-- [ RunTime:0.000539s ]
NOTIC: [2] Declaration of Api\Controller\UserController::getUser() should be compatible with Api\Controller\CommonController::getUser($userId) C:\phpStudy\PHPTutorial\WWW\MC\App\Api\Controller\UserController.class.php 第 11 行.
SQL: SHOW COLUMNS FROM `gs_notice` [ RunTime:0.0057s ]
SQL: SELECT * FROM `gs_notice` ORDER BY id desc LIMIT 1   [ RunTime:0.0002s ]
NOTIC: [8] Undefined variable: msg C:\phpStudy\PHPTutorial\WWW\MC\App\Api\Common\function.php 第 32 行.

[ 2018-05-08T18:11:32+08:00 ] 127.0.0.1 /MC/Api.php/User/getResources
INFO: [ app_init ] --START--
INFO: Run Behavior\BuildLiteBehavior [ RunTime:0.000008s ]
INFO: [ app_init ] --END-- [ RunTime:0.000045s ]
INFO: [ app_begin ] --START--
INFO: Run Behavior\ReadHtmlCacheBehavior [ RunTime:0.000656s ]
INFO: [ app_begin ] --END-- [ RunTime:0.000689s ]
NOTIC: [2] Declaration of Api\Controller\UserController::getUser() should be compatible with Api\Controller\CommonController::getUser($userId) C:\phpStudy\PHPTutorial\WWW\MC\App\Api\Controller\UserController.class.php 第 11 行.
SQL: SHOW COLUMNS FROM `gs_member` [ RunTime:0.0092s ]
SQL: SELECT `id` FROM `gs_member` WHERE `token` = '979711471136cda11bab8afccf88fae6' LIMIT 1   [ RunTime:0.0004s ]
SQL: SELECT `id`,`account`,`password`,`status`,`token`,realname as nickname,`feed`,`phone`,`level`,`money`,`currency`,`action_code` FROM `gs_member` WHERE `token` = '979711471136cda11bab8afccf88fae6' LIMIT 1   [ RunTime:0.0003s ]
SQL: SHOW COLUMNS FROM `gs_user_animal` [ RunTime:0.0091s ]
SQL: SELECT COUNT(*) AS tp_count FROM `gs_user_animal` WHERE `userid` = 204 AND `expired_time` > 1525774292 LIMIT 1   [ RunTime:0.0003s ]
NOTIC: [8] Undefined variable: msg C:\phpStudy\PHPTutorial\WWW\MC\App\Api\Common\function.php 第 32 行.

[ 2018-05-08T18:15:23+08:00 ] 127.0.0.1 /MC/Api.php/User/editUser
INFO: [ app_init ] --START--
INFO: Run Behavior\BuildLiteBehavior [ RunTime:0.000005s ]
INFO: [ app_init ] --END-- [ RunTime:0.000026s ]
INFO: [ app_begin ] --START--
INFO: Run Behavior\ReadHtmlCacheBehavior [ RunTime:0.000321s ]
INFO: [ app_begin ] --END-- [ RunTime:0.000339s ]
NOTIC: [2] Declaration of Api\Controller\UserController::getUser() should be compatible with Api\Controller\CommonController::getUser($userId) C:\phpStudy\PHPTutorial\WWW\MC\App\Api\Controller\UserController.class.php 第 11 行.
SQL: SHOW COLUMNS FROM `gs_member` [ RunTime:0.0085s ]
SQL: SELECT `id` FROM `gs_member` WHERE `token` = '979711471136cda11bab8afccf88fae6' LIMIT 1   [ RunTime:0.0004s ]
ERR: Too few arguments to function I(), 0 passed in C:\phpStudy\PHPTutorial\WWW\MC\App\Api\Controller\UserController.class.php on line 324 and at least 1 expected

[ 2018-05-08T18:16:55+08:00 ] 127.0.0.1 /MC/Api.php/User/getUserAnimal
INFO: [ app_init ] --START--
INFO: Run Behavior\BuildLiteBehavior [ RunTime:0.000006s ]
INFO: [ app_init ] --END-- [ RunTime:0.000029s ]
INFO: [ app_begin ] --START--
INFO: Run Behavior\ReadHtmlCacheBehavior [ RunTime:0.000386s ]
INFO: [ app_begin ] --END-- [ RunTime:0.000405s ]
NOTIC: [2] Declaration of Api\Controller\UserController::getUser() should be compatible with Api\Controller\CommonController::getUser($userId) C:\phpStudy\PHPTutorial\WWW\MC\App\Api\Controller\UserController.class.php 第 11 行.
SQL: SHOW COLUMNS FROM `gs_member` [ RunTime:0.0098s ]
SQL: SELECT `id` FROM `gs_member` WHERE `token` = '979711471136cda11bab8afccf88fae6' LIMIT 1   [ RunTime:0.0004s ]
SQL: SHOW COLUMNS FROM `gs_beltline` [ RunTime:0.0082s ]
SQL: UPDATE `gs_beltline` SET `status`='2' WHERE `userid` = 204 AND `status` = 1 AND `expired_time` <= 1525774615 [ RunTime:0.0006s ]
SQL: SHOW COLUMNS FROM `gs_user_animal` [ RunTime:0.0079s ]
SQL: SELECT animal_on as name FROM `gs_user_animal` WHERE `userid` = 204 AND `expired_time` > 1525774615  [ RunTime:0.0003s ]
NOTIC: [8] Undefined variable: msg C:\phpStudy\PHPTutorial\WWW\MC\App\Api\Common\function.php 第 32 行.

[ 2018-05-08T18:16:55+08:00 ] 127.0.0.1 /MC/Api.php/User/getNotice
INFO: [ app_init ] --START--
INFO: Run Behavior\BuildLiteBehavior [ RunTime:0.000005s ]
INFO: [ app_init ] --END-- [ RunTime:0.000028s ]
INFO: [ app_begin ] --START--
INFO: Run Behavior\ReadHtmlCacheBehavior [ RunTime:0.000342s ]
INFO: [ app_begin ] --END-- [ RunTime:0.000360s ]
NOTIC: [2] Declaration of Api\Controller\UserController::getUser() should be compatible with Api\Controller\CommonController::getUser($userId) C:\phpStudy\PHPTutorial\WWW\MC\App\Api\Controller\UserController.class.php 第 11 行.
SQL: SHOW COLUMNS FROM `gs_notice` [ RunTime:0.0086s ]
SQL: SELECT * FROM `gs_notice` ORDER BY id desc LIMIT 1   [ RunTime:0.0003s ]
NOTIC: [8] Undefined variable: msg C:\phpStudy\PHPTutorial\WWW\MC\App\Api\Common\function.php 第 32 行.

[ 2018-05-08T18:16:55+08:00 ] 127.0.0.1 /MC/Api.php/User/getResources
INFO: [ app_init ] --START--
INFO: Run Behavior\BuildLiteBehavior [ RunTime:0.000007s ]
INFO: [ app_init ] --END-- [ RunTime:0.000045s ]
INFO: [ app_begin ] --START--
INFO: Run Behavior\ReadHtmlCacheBehavior [ RunTime:0.000484s ]
INFO: [ app_begin ] --END-- [ RunTime:0.000523s ]
NOTIC: [2] Declaration of Api\Controller\UserController::getUser() should be compatible with Api\Controller\CommonController::getUser($userId) C:\phpStudy\PHPTutorial\WWW\MC\App\Api\Controller\UserController.class.php 第 11 行.
SQL: SHOW COLUMNS FROM `gs_member` [ RunTime:0.0082s ]
SQL: SELECT `id` FROM `gs_member` WHERE `token` = '979711471136cda11bab8afccf88fae6' LIMIT 1   [ RunTime:0.0003s ]
SQL: SELECT `id`,`account`,`password`,`status`,`token`,realname as nickname,`feed`,`phone`,`level`,`money`,`currency`,`action_code` FROM `gs_member` WHERE `token` = '979711471136cda11bab8afccf88fae6' LIMIT 1   [ RunTime:0.0003s ]
SQL: SHOW COLUMNS FROM `gs_user_animal` [ RunTime:0.0093s ]
SQL: SELECT COUNT(*) AS tp_count FROM `gs_user_animal` WHERE `userid` = 204 AND `expired_time` > 1525774615 LIMIT 1   [ RunTime:0.0003s ]
NOTIC: [8] Undefined variable: msg C:\phpStudy\PHPTutorial\WWW\MC\App\Api\Common\function.php 第 32 行.

[ 2018-05-08T18:16:59+08:00 ] 127.0.0.1 /MC/Api.php/User/getUser
INFO: [ app_init ] --START--
INFO: Run Behavior\BuildLiteBehavior [ RunTime:0.000004s ]
INFO: [ app_init ] --END-- [ RunTime:0.000029s ]
INFO: [ app_begin ] --START--
INFO: Run Behavior\ReadHtmlCacheBehavior [ RunTime:0.000371s ]
INFO: [ app_begin ] --END-- [ RunTime:0.000389s ]
NOTIC: [2] Declaration of Api\Controller\UserController::getUser() should be compatible with Api\Controller\CommonController::getUser($userId) C:\phpStudy\PHPTutorial\WWW\MC\App\Api\Controller\UserController.class.php 第 11 行.
SQL: SHOW COLUMNS FROM `gs_member` [ RunTime:0.0088s ]
SQL: SELECT `id` FROM `gs_member` WHERE `token` = '979711471136cda11bab8afccf88fae6' LIMIT 1   [ RunTime:0.0003s ]
SQL: SELECT `id`,`account`,`password`,`status`,`token`,realname as nickname,`phone`,`level`,`money`,`currency`,`action_code` FROM `gs_member` WHERE `id` = 204 LIMIT 1   [ RunTime:0.0002s ]
NOTIC: [8] Undefined variable: msg C:\phpStudy\PHPTutorial\WWW\MC\App\Api\Common\function.php 第 32 行.

[ 2018-05-08T18:16:59+08:00 ] 127.0.0.1 /MC/Api.php/User/getNotice
INFO: [ app_init ] --START--
INFO: Run Behavior\BuildLiteBehavior [ RunTime:0.000007s ]
INFO: [ app_init ] --END-- [ RunTime:0.000034s ]
INFO: [ app_begin ] --START--
INFO: Run Behavior\ReadHtmlCacheBehavior [ RunTime:0.000350s ]
INFO: [ app_begin ] --END-- [ RunTime:0.000367s ]
NOTIC: [2] Declaration of Api\Controller\UserController::getUser() should be compatible with Api\Controller\CommonController::getUser($userId) C:\phpStudy\PHPTutorial\WWW\MC\App\Api\Controller\UserController.class.php 第 11 行.
SQL: SHOW COLUMNS FROM `gs_notice` [ RunTime:0.0088s ]
SQL: SELECT * FROM `gs_notice` ORDER BY id desc LIMIT 1   [ RunTime:0.0003s ]
NOTIC: [8] Undefined variable: msg C:\phpStudy\PHPTutorial\WWW\MC\App\Api\Common\function.php 第 32 行.

[ 2018-05-08T18:16:59+08:00 ] 127.0.0.1 /MC/Api.php/Tool/getPrice
INFO: [ app_init ] --START--
INFO: Run Behavior\BuildLiteBehavior [ RunTime:0.000004s ]
INFO: [ app_init ] --END-- [ RunTime:0.000029s ]
INFO: [ app_begin ] --START--
INFO: Run Behavior\ReadHtmlCacheBehavior [ RunTime:0.000328s ]
INFO: [ app_begin ] --END-- [ RunTime:0.000346s ]
SQL: SHOW COLUMNS FROM `gs_market_price` [ RunTime:0.0072s ]
SQL: SELECT * FROM `gs_market_price` WHERE `start` <= '2018-05-08' ORDER BY start desc LIMIT 7   [ RunTime:0.0003s ]

[ 2018-05-08T18:16:59+08:00 ] 127.0.0.1 /MC/Api.php/User/getResources
INFO: [ app_init ] --START--
INFO: Run Behavior\BuildLiteBehavior [ RunTime:0.000005s ]
INFO: [ app_init ] --END-- [ RunTime:0.000029s ]
INFO: [ app_begin ] --START--
INFO: Run Behavior\ReadHtmlCacheBehavior [ RunTime:0.000354s ]
INFO: [ app_begin ] --END-- [ RunTime:0.000375s ]
NOTIC: [2] Declaration of Api\Controller\UserController::getUser() should be compatible with Api\Controller\CommonController::getUser($userId) C:\phpStudy\PHPTutorial\WWW\MC\App\Api\Controller\UserController.class.php 第 11 行.
SQL: SHOW COLUMNS FROM `gs_member` [ RunTime:0.0078s ]
SQL: SELECT `id` FROM `gs_member` WHERE `token` = '979711471136cda11bab8afccf88fae6' LIMIT 1   [ RunTime:0.0003s ]
SQL: SELECT `id`,`account`,`password`,`status`,`token`,realname as nickname,`feed`,`phone`,`level`,`money`,`currency`,`action_code` FROM `gs_member` WHERE `token` = '979711471136cda11bab8afccf88fae6' LIMIT 1   [ RunTime:0.0004s ]
SQL: SHOW COLUMNS FROM `gs_user_animal` [ RunTime:0.0078s ]
SQL: SELECT COUNT(*) AS tp_count FROM `gs_user_animal` WHERE `userid` = 204 AND `expired_time` > 1525774619 LIMIT 1   [ RunTime:0.0003s ]
NOTIC: [8] Undefined variable: msg C:\phpStudy\PHPTutorial\WWW\MC\App\Api\Common\function.php 第 32 行.

